
  ╔═══════════════════════════════════════════╗
  ║   🚀 Starting Zephyria Interactive Node   ║
  ╚═══════════════════════════════════════════╝
📁 Initializing Storage...
🔧 Loading Genesis Configuration...
⚙️  Initializing Consensus Engine (Zelius)...
⛏️  Initializing Miner...
🌐 Starting P2P Server...
Initializing zig-quic P2P Server on port 30303...
🌐 HTTP-RPC Server starting on port 8545...
✅ HTTP-RPC Server listening on http://127.0.0.1:8545

✅ Node Running
   Network:    devnet
   Data Dir:   ./node_data
   Validator:  0xaaaaaaaaaaaaaaaaaaaaaaaaaaaaaaaaaaaaaaaa
   Genesis:    0x2d2432df1b1d4bc3838c2e600a36e1c8bb2a6fb901a8110c56d39c7e055295c6

   Endpoints:
     P2P:  :30303
     HTTP: http://127.0.0.1:8545

   ethers.js/web3.js compatible!

⛏️  Starting Block Production... (Press Ctrl+C to stop)

[Miner] Starting block production loop for 0xaaaaaaaaaaaaaaaaaaaaaaaaaaaaaaaaaaaaaaaa
[Miner] Eligible for block 1, starting production...
Broadcasting message code 1 to 0 peers
[Miner] Mined block 1! Hash: 0xf9a1a32217f2034957284e03ef405a5326986b714b9db9a0c1cee9937ac1496b
[Miner] Eligible for block 2, starting production...
Broadcasting message code 1 to 0 peers
[Miner] Mined block 2! Hash: 0x94cd68d0bf575a01ebd725d1125b952c47071901cb7e9e5a120675c2128cde34
[Miner] Eligible for block 3, starting production...
Broadcasting message code 1 to 0 peers
[Miner] Mined block 3! Hash: 0x10bfc0dc3b4b9ed190dbce56e7b2ff491dca7c2f882d2dcfb37024c6d26f917a
[Miner] Eligible for block 4, starting production...
Broadcasting message code 1 to 0 peers
[Miner] Mined block 4! Hash: 0x2e236239f979dcd112b167bddf0344d358a2f513677a678b37229d79721ebe86
[Miner] Eligible for block 5, starting production...
Broadcasting message code 1 to 0 peers
[Miner] Mined block 5! Hash: 0x4f170a42c8b9a9682b31d3dce15b427d5fa7328c844bb03840d618724ffbbded
[Miner] Eligible for block 6, starting production...
Broadcasting message code 1 to 0 peers
[Miner] Mined block 6! Hash: 0xe43ef487a45c5d961cb742cce5223d23bb08d8e6a71d6b4d5a8293ea9b58a6f4
[Miner] Eligible for block 7, starting production...
Broadcasting message code 1 to 0 peers
[Miner] Mined block 7! Hash: 0x9c61f5abc87ccce9da54c83091fd65bde593082d063138b9d4f1950443b2e5ac
[Miner] Eligible for block 8, starting production...
Broadcasting message code 1 to 0 peers
[Miner] Mined block 8! Hash: 0x4ada94cacb4c123157012c1c99868a0e9add7cade22afa1a1b87c438a1ae147a
[Miner] Eligible for block 9, starting production...
Broadcasting message code 1 to 0 peers
[Miner] Mined block 9! Hash: 0x28d2040281177ce610ea3d4a9235e469815867a381e37a7536d320ea45a8be04
[Miner] Eligible for block 10, starting production...
Broadcasting message code 1 to 0 peers
[Miner] Mined block 10! Hash: 0x099636ebd0fe81b3756abdcbd3163dce353c2fc49d718945ff853f350da9d7d5
[Miner] Eligible for block 11, starting production...
Broadcasting message code 1 to 0 peers
[Miner] Mined block 11! Hash: 0x90621fbd0a86e88d0966c7e6a65d77ae8fed0f0fa2ede4292912e22000e3c5cf
[Miner] Eligible for block 12, starting production...
Broadcasting message code 1 to 0 peers
[Miner] Mined block 12! Hash: 0x15c37cec408db0ed537c45415950d7b4d1a14961fed150e81dc10f2b89c38a71
[Miner] Eligible for block 13, starting production...
Broadcasting message code 1 to 0 peers
[Miner] Mined block 13! Hash: 0xdb9d37f043c9aac901ffcc2ca7cd87ff8775717af866405dcd2c645847251e50
[Miner] Eligible for block 14, starting production...
Broadcasting message code 1 to 0 peers
[Miner] Mined block 14! Hash: 0xea3fbf24e55590250a871684a585c1fb9ef98202286daec61376aaacd95300a7
[Miner] Eligible for block 15, starting production...
Broadcasting message code 1 to 0 peers
[Miner] Mined block 15! Hash: 0x04349dac754d4724257c8fbcc0ce14b3b989266d3467509ff17ff409d39983a5
[Miner] Eligible for block 16, starting production...
Broadcasting message code 1 to 0 peers
[Miner] Mined block 16! Hash: 0xdcd71ccc3f7bc0e059e89cf2e2d24d1c434f3338cfae01faca8f1c813b1405a0
[Miner] Eligible for block 17, starting production...
Broadcasting message code 1 to 0 peers
[Miner] Mined block 17! Hash: 0xfd82209d27d3109824b5556acbeee5224cecce8e6c1ed19353688e384a53a066
[Miner] Eligible for block 18, starting production...
Broadcasting message code 1 to 0 peers
[Miner] Mined block 18! Hash: 0x97504f81ab2907ec81ad6163dc0b9bbcc24ff420284d04db39f3755d9f375bbd
[Miner] Eligible for block 19, starting production...
Broadcasting message code 1 to 0 peers
[Miner] Mined block 19! Hash: 0x923534e644594865961c3dbc941ea34337efc0a49315790d863b0a530b09666b
[Miner] Eligible for block 20, starting production...
Broadcasting message code 1 to 0 peers
[Miner] Mined block 20! Hash: 0xcd880ebaef6f533922d7f1bd5f649e620253f7aeba5ae0304d9ea7969ac58787
[Miner] Eligible for block 21, starting production...
Broadcasting message code 1 to 0 peers
[Miner] Mined block 21! Hash: 0x790f28b351b03bfbd1312e02f4df5c9de9f0c3b75872128c591d8080f199e9db
[Miner] Eligible for block 22, starting production...
Broadcasting message code 1 to 0 peers
[Miner] Mined block 22! Hash: 0x05e1686d065156ab0163b5753c8fc0aca090133bd4fb642b70a13cec0838b4e3
[Miner] Eligible for block 23, starting production...
Broadcasting message code 1 to 0 peers
[Miner] Mined block 23! Hash: 0x252aef523ed39862c0307dde76e9c8b1d4eba42f41e7ecee03a9279b320474d9
[Miner] Eligible for block 24, starting production...
Broadcasting message code 1 to 0 peers
[Miner] Mined block 24! Hash: 0x456f37eaa03ef6e593507e64ecd83aca389a40bd2711afd46d529958df4dc8ec
[Miner] Eligible for block 25, starting production...
Broadcasting message code 1 to 0 peers
[Miner] Mined block 25! Hash: 0x5a5ee4f27f43de964ff255a58d08b5f95094043fd27452d95ad32b619c473b0e
[Miner] Eligible for block 26, starting production...
Broadcasting message code 1 to 0 peers
[Miner] Mined block 26! Hash: 0x343f6c1da2ca16cc13e18b419c18cf3959c3a516d8b72c7253913d2a1c32040c
[Miner] Eligible for block 27, starting production...
Broadcasting message code 1 to 0 peers
[Miner] Mined block 27! Hash: 0x90f3cf3d6f2428004ef3909a1eccf954fe8e748895adb0a41133ff5d98c4c62e
[Miner] Eligible for block 28, starting production...
Broadcasting message code 1 to 0 peers
[Miner] Mined block 28! Hash: 0xef1b2fdc732f5bce82e385c86f0163af817f2607c6ae1d8ba21a54e3e0576d7a
[Miner] Eligible for block 29, starting production...
Broadcasting message code 1 to 0 peers
[Miner] Mined block 29! Hash: 0x91aa66361b6db59edabf86b928e1024fdb09d2088465fd279a124c2169ac2cbd
[Miner] Eligible for block 30, starting production...
Broadcasting message code 1 to 0 peers
[Miner] Mined block 30! Hash: 0xf2fc9958bc792d412d70a5e7ab36be8f3c059660cb10f2ee04b74f0a668ddbca
[Miner] Eligible for block 31, starting production...
Broadcasting message code 1 to 0 peers
[Miner] Mined block 31! Hash: 0xa2041c0ca8377a895f0beaad72e22432e8cfc088b00b6becdcb474ec4a942c45
[Miner] Eligible for block 32, starting production...
Broadcasting message code 1 to 0 peers
[Miner] Mined block 32! Hash: 0xb77bf794a3cded8ac025dd60fb8e2cc4e79167410c405b4f7fcf3d45c5d5570a
[Miner] Eligible for block 33, starting production...
Broadcasting message code 1 to 0 peers
[Miner] Mined block 33! Hash: 0xcc609b12547bbf36da3292f59e0d2f66b42b7a62c0e80e62f516ac0be4498ce0
[Miner] Eligible for block 34, starting production...
Broadcasting message code 1 to 0 peers
[Miner] Mined block 34! Hash: 0x72d510ec840caf3f8630a807c76f11a9b6bfbb3eb24c08de895c5f19ca221226
[Miner] Eligible for block 35, starting production...
Broadcasting message code 1 to 0 peers
[Miner] Mined block 35! Hash: 0xba399ac6058ee2a8d14a34da9fc3e32e02cc42ea5dc2d37f079a66c9639b28dc
[Miner] Eligible for block 36, starting production...
Broadcasting message code 1 to 0 peers
[Miner] Mined block 36! Hash: 0x0fd435af28d7dc966929ed3e076e59a4d36de96318afa3cd98fcb416be2a44a9
[Miner] Eligible for block 37, starting production...
Broadcasting message code 1 to 0 peers
[Miner] Mined block 37! Hash: 0x1dcb3f9e4215fc754285bf882e2e8e8f40017827c3a4d23038bf23feb01a878a
[Miner] Eligible for block 38, starting production...
Broadcasting message code 1 to 0 peers
[Miner] Mined block 38! Hash: 0xfc7e3d09a98f564862ba472685147e39f2d34159de538fc7b515834b68857496
[Miner] Eligible for block 39, starting production...
Broadcasting message code 1 to 0 peers
[Miner] Mined block 39! Hash: 0x81444e55712d26e3daeb7adb1a269520ab27e0d0db0e6d34a5639ab684af804d
[Miner] Eligible for block 40, starting production...
Broadcasting message code 1 to 0 peers
[Miner] Mined block 40! Hash: 0xd2de8deef51390879af0dd03b6ea3a4cf6c5f54993a579e0b0fb2167ee884b01
[Miner] Eligible for block 41, starting production...
Broadcasting message code 1 to 0 peers
[Miner] Mined block 41! Hash: 0xad235ae8a702a6ed1973e247b8e6e28fd1e77ae3e64e73613ecc5e447cc26b7a
[Miner] Eligible for block 42, starting production...
Broadcasting message code 1 to 0 peers
[Miner] Mined block 42! Hash: 0x80fd079fecedb182bb2d6d5e029e81ac6bf6f6cd53ba1880eacf90ff6b7f0755
[Miner] Eligible for block 43, starting production...
Broadcasting message code 1 to 0 peers
[Miner] Mined block 43! Hash: 0x87792a90147cd54456f6811bb8e0ad0dd449ea8b771b9afc0fb1667336e865cb
[Miner] Eligible for block 44, starting production...
Broadcasting message code 1 to 0 peers
[Miner] Mined block 44! Hash: 0xd286e070c967c947fc126d1a3fdd62fad763f2c186fa18dc02945f4db276b317
[Miner] Eligible for block 45, starting production...
Broadcasting message code 1 to 0 peers
[Miner] Mined block 45! Hash: 0x2c179f372533c0110a855f608108d5c8049244b66cde53594bfc1e4392737364
[Miner] Eligible for block 46, starting production...
Broadcasting message code 1 to 0 peers
[Miner] Mined block 46! Hash: 0xd4c0d794d6724514708e85ec5e43adbdca62272c0cad5b7ba250fca6c39e8fdb
[Miner] Eligible for block 47, starting production...
Broadcasting message code 1 to 0 peers
[Miner] Mined block 47! Hash: 0xa9ea5db39d57cea159381539267e70718ef6a584b1048afe3bb463a340427cb4
[Miner] Eligible for block 48, starting production...
Broadcasting message code 1 to 0 peers
[Miner] Mined block 48! Hash: 0x98292bd19d286776f88346adb4fa3ad812001392b7539bb6e9bba18a3666f832
[Miner] Eligible for block 49, starting production...
Broadcasting message code 1 to 0 peers
[Miner] Mined block 49! Hash: 0xdb725e33a3d761ef3850b7a7568356189fa642902a3ad4d382433a690d7ba342
[Miner] Eligible for block 50, starting production...
Broadcasting message code 1 to 0 peers
[Miner] Mined block 50! Hash: 0x5e7491c85c741c249a19a4085fdbe634852f90973163b5f3ff7ce12956c5ac79
[Miner] Eligible for block 51, starting production...
Broadcasting message code 1 to 0 peers
[Miner] Mined block 51! Hash: 0xe0deba0cccbcce915ec84901a65f2330a169cfcb4ff0e7bf52cbba453328397c
[Miner] Eligible for block 52, starting production...
Broadcasting message code 1 to 0 peers
[Miner] Mined block 52! Hash: 0xfc00fcc50a4516e16894e403e70b0345c123268546242b5503d51d37e5e38807
[Miner] Eligible for block 53, starting production...
Broadcasting message code 1 to 0 peers
[Miner] Mined block 53! Hash: 0x4b4e5ae5f8a35290b7e7e3d26894191d7ec68ab4e271b91f89a76e7058c9ed7f
[Miner] Eligible for block 54, starting production...
Broadcasting message code 1 to 0 peers
[Miner] Mined block 54! Hash: 0x70dfa093630469f45e08870d78206a8d5d1691b2e702a11e3dbd7e9e1def8862
[Miner] Eligible for block 55, starting production...
Broadcasting message code 1 to 0 peers
[Miner] Mined block 55! Hash: 0xd00bd3f69a8da88a32758d4322a3d7beca046e33eca4a8e4fa26f12d2fd60545
[Miner] Eligible for block 56, starting production...
Broadcasting message code 1 to 0 peers
[Miner] Mined block 56! Hash: 0x76c38ead90a37682db3b613146834f83471eb67877cfaaa3e92afbde3a85b8e9
[Miner] Eligible for block 57, starting production...
Broadcasting message code 1 to 0 peers
[Miner] Mined block 57! Hash: 0x9b914d2f320146e3ac4c31b5502141cf1a7179e99d0dbe16aad7591380fb9dd6
[Miner] Eligible for block 58, starting production...
Broadcasting message code 1 to 0 peers
[Miner] Mined block 58! Hash: 0xc54a109409df7afc80d2ffae10e16b6291c35cdb0aa2fd61192fb8730be2c84a
[Miner] Eligible for block 59, starting production...
Broadcasting message code 1 to 0 peers
[Miner] Mined block 59! Hash: 0x676894da6f3ebe622109ac57292264c04c83de0bc3af09edee23b5e7147f4be4
[Miner] Eligible for block 60, starting production...
Broadcasting message code 1 to 0 peers
[Miner] Mined block 60! Hash: 0x6af206ea633eddbd22b995e7966706e09ab7d7f0105afcadb90e571bd6cf5b53
[Miner] Eligible for block 61, starting production...
Broadcasting message code 1 to 0 peers
[Miner] Mined block 61! Hash: 0x9a55dae1d4008442fa0f1c542a7ff4cab810bd9a90c7e9ba32f968b219c010b1
[Miner] Eligible for block 62, starting production...
Broadcasting message code 1 to 0 peers
[Miner] Mined block 62! Hash: 0xefd92701d5c52798960bdfce36db8a149f48646c9d80eb197153f423ef73a884
[Miner] Eligible for block 63, starting production...
Broadcasting message code 1 to 0 peers
[Miner] Mined block 63! Hash: 0x0e0804175a9915cf20c5f42447a483e731cface2760a8c36d1ac7444fea66de2
[Miner] Eligible for block 64, starting production...
Broadcasting message code 1 to 0 peers
[Miner] Mined block 64! Hash: 0x3d5d861d1794aad8e69efa247de7438b40c0df8942329cdd318e49ce5d70f37f
[Miner] Eligible for block 65, starting production...
Broadcasting message code 1 to 0 peers
[Miner] Mined block 65! Hash: 0xad20ae67918c0c2ce478dd222a179e03148ec3517a48aee84ce21aff60201f67
[Miner] Eligible for block 66, starting production...
Broadcasting message code 1 to 0 peers
[Miner] Mined block 66! Hash: 0x4e05bf9d827d4fef1bb082350173e33407b40aff87166fb388855d53a42441ae
[Miner] Eligible for block 67, starting production...
Broadcasting message code 1 to 0 peers
[Miner] Mined block 67! Hash: 0xcdbf3aed91612a6276ad57990cd1178cda5bc290335e74687c4ef26d96c9a5c7
[Miner] Eligible for block 68, starting production...
Broadcasting message code 1 to 0 peers
[Miner] Mined block 68! Hash: 0xfcac5326e2035d6315f9b83a6d93ea82851e4746f9282cc5572a705e658ead88
[Miner] Eligible for block 69, starting production...
Broadcasting message code 1 to 0 peers
[Miner] Mined block 69! Hash: 0x529223d41b5da391d3125f67a9436a1f2138d111e9a978b8fce9d95b80c8c1d0
[Miner] Eligible for block 70, starting production...
Broadcasting message code 1 to 0 peers
[Miner] Mined block 70! Hash: 0x00fc5367faef1b66f2b484f0c8a2b19cf6992269da8380db11d7eb780a3c34b0
[Miner] Eligible for block 71, starting production...
Broadcasting message code 1 to 0 peers
[Miner] Mined block 71! Hash: 0xc8693f5aa49ee869a4b519a29c91a58bcef47e9ac7dd57009b104999efbce7dc
[Miner] Eligible for block 72, starting production...
Broadcasting message code 1 to 0 peers
[Miner] Mined block 72! Hash: 0xfb1039a45036eca81540f6810c0f724674ff0f16b44eb42954b06b6db230eb23
[Miner] Eligible for block 73, starting production...
Broadcasting message code 1 to 0 peers
[Miner] Mined block 73! Hash: 0x0d303b4913eb89f831a3f5c84e2efae579b3138c81f26d86f490d9c5e9050853
[Miner] Eligible for block 74, starting production...
Broadcasting message code 1 to 0 peers
[Miner] Mined block 74! Hash: 0x6054358a14ba22bacd7d8aa441255990da3ba86bf71ef485fcff6a7493dab646
[Miner] Eligible for block 75, starting production...
Broadcasting message code 1 to 0 peers
[Miner] Mined block 75! Hash: 0xdd8e71b8278055c1712ba2f5abb8d499f1321ab090a04d5aa718d2a490730132
[Miner] Eligible for block 76, starting production...
Broadcasting message code 1 to 0 peers
[Miner] Mined block 76! Hash: 0x0911af17e3cdb48449d225006bb36f4b738e3b078c3ea94cb446ecd3e519bf3d
[Miner] Eligible for block 77, starting production...
Broadcasting message code 1 to 0 peers
[Miner] Mined block 77! Hash: 0xd9a90a36645d9731613fe2aadbd1089695ea119e77c8053e9f1af301d94989dd
[Miner] Eligible for block 78, starting production...
Broadcasting message code 1 to 0 peers
[Miner] Mined block 78! Hash: 0x0ef41b816e1af069289633ce5c5808e3297e2f00482980a1d6d17a42091ce867
[Miner] Eligible for block 79, starting production...
Broadcasting message code 1 to 0 peers
[Miner] Mined block 79! Hash: 0x08f1431fe36a9970a11e45b878a4f85283566963ab7d98740a03ce11ace04d4c
[Miner] Eligible for block 80, starting production...
Broadcasting message code 1 to 0 peers
[Miner] Mined block 80! Hash: 0xc120d657df7c4948f5586de8f907f7a42f6bd492feb5805ace1fcd0733e6cace
[Miner] Eligible for block 81, starting production...
Broadcasting message code 1 to 0 peers
[Miner] Mined block 81! Hash: 0xdbdf1513f8a265a5be36883dee3060241f3657e9caa685dd5c559070fab5c67f
[Miner] Eligible for block 82, starting production...
Broadcasting message code 1 to 0 peers
[Miner] Mined block 82! Hash: 0xf6417d28b12acac2fa5200acb63bf3bffffafe4e28ce4e9390f1bb3d7a6c04e1
[Miner] Eligible for block 83, starting production...
Broadcasting message code 1 to 0 peers
[Miner] Mined block 83! Hash: 0xb7587c63e084d982dc728d2362b438bea744101cd92c99464bf9e94ff29eea88
[Miner] Eligible for block 84, starting production...
Broadcasting message code 1 to 0 peers
[Miner] Mined block 84! Hash: 0x329d8116523d71ed1f9fac9f40e2f67cd67e038e71778201d4acee6177489029
[Miner] Eligible for block 85, starting production...
Broadcasting message code 1 to 0 peers
[Miner] Mined block 85! Hash: 0xbfa41d9de82dfb8d9ff934ff6985f7b0606acd3ded6d3dd72fbd0592547b6754
[Miner] Eligible for block 86, starting production...
Broadcasting message code 1 to 0 peers
[Miner] Mined block 86! Hash: 0x52f7fad4ac557a5f0835aaa9dc74b785336c5065a35b89fa6e2cf22d5e2c9b72
[Miner] Eligible for block 87, starting production...
Broadcasting message code 1 to 0 peers
[Miner] Mined block 87! Hash: 0xe2b40c1bc9176e42c036b28272eb3c13bc3e999d5292bee5e4ec42323e2eb0cf
[Miner] Eligible for block 88, starting production...
Broadcasting message code 1 to 0 peers
[Miner] Mined block 88! Hash: 0xb239e38b2ffd7c5b0801127a55764e54b715c7147c5eab7656d523b590aca2b0
[Miner] Eligible for block 89, starting production...
Broadcasting message code 1 to 0 peers
[Miner] Mined block 89! Hash: 0x220ea5642501f443c9b92f60d52a21250ba9103c6a27f7ffc6439afc672bfd66
[Miner] Eligible for block 90, starting production...
Broadcasting message code 1 to 0 peers
[Miner] Mined block 90! Hash: 0xf0f6543a198aaffeda531f1db5fe6f373e8ccd969d53365833def34b9a441303
[Miner] Eligible for block 91, starting production...
Broadcasting message code 1 to 0 peers
[Miner] Mined block 91! Hash: 0x0c713fdb54374ac6dff0aef381bbae25a8085b80bcbf94ec3588a4317a4f1ad6
[Miner] Eligible for block 92, starting production...
Broadcasting message code 1 to 0 peers
[Miner] Mined block 92! Hash: 0xdd776fa98d84c8ffdba758efbe99eb6a80e9d2f12fe41f89427f72d5886ff127
[Miner] Eligible for block 93, starting production...
Broadcasting message code 1 to 0 peers
[Miner] Mined block 93! Hash: 0x12d50102a64c5f43204dcfd8b59f18413a9d76d01f6d90461ce663772c340d04
[Miner] Eligible for block 94, starting production...
Broadcasting message code 1 to 0 peers
[Miner] Mined block 94! Hash: 0x44f066065d819071583fd8ca194458456b2ae9d05e70c9b8b8aeb15113071f26
[Miner] Eligible for block 95, starting production...
Broadcasting message code 1 to 0 peers
[Miner] Mined block 95! Hash: 0x7ce8b9ca96fbd6c2e2f397837e2d9f9ba372e27115076a3cc366466018564007
[Miner] Eligible for block 96, starting production...
Broadcasting message code 1 to 0 peers
[Miner] Mined block 96! Hash: 0x8ddc5cc810b570131f5da5600ff7451139ccc7e03fe47085c001f347f415f560
[Miner] Eligible for block 97, starting production...
Broadcasting message code 1 to 0 peers
[Miner] Mined block 97! Hash: 0x4791d65939008a8614fb219653b75438a75f0ec57f9c809972598787cb79bbc8
[Miner] Eligible for block 98, starting production...
Broadcasting message code 1 to 0 peers
[Miner] Mined block 98! Hash: 0xb3d36e8549bd97f9c30ef9cd238813a898abd51ac4dff49f8a0a806d9dd74ed2
[Miner] Eligible for block 99, starting production...
Broadcasting message code 1 to 0 peers
[Miner] Mined block 99! Hash: 0xc826c070178ff7ac79951cf74cebde212cbc480f01a74dbf84254ce627f4dbb4
[Miner] Eligible for block 100, starting production...
Broadcasting message code 1 to 0 peers
[Miner] Mined block 100! Hash: 0x04dc2457183b36f67eec986e74c5af8d43a464e7e5f46ce91176bcb284634938
[Miner] Eligible for block 101, starting production...
Broadcasting message code 1 to 0 peers
[Miner] Mined block 101! Hash: 0x86f0bfd2997045e75bbe0dc701ead2c92a7096441fc4a9c6e743e2ec15e7cf60
[Miner] Eligible for block 102, starting production...
Broadcasting message code 1 to 0 peers
[Miner] Mined block 102! Hash: 0x80014b1258aec8f4f7027f96a0d362f6419779467e7801b79b39cf1e7413a058
[Miner] Eligible for block 103, starting production...
Broadcasting message code 1 to 0 peers
[Miner] Mined block 103! Hash: 0xc95aff1efce2c1dca76a83c9a66a716d48b5a37a24fab7c1eb40938afdafc395
[Miner] Eligible for block 104, starting production...
Broadcasting message code 1 to 0 peers
[Miner] Mined block 104! Hash: 0x81feea86e449d6b3593872b18769fd4ce07abe220fe4820910e88a239b264653
[Miner] Eligible for block 105, starting production...
Broadcasting message code 1 to 0 peers
[Miner] Mined block 105! Hash: 0xd5daf9af7151bf03cedb0390f6c5bd551ba1ca07f3c431d4c13c25327f8c8102
[Miner] Eligible for block 106, starting production...
Broadcasting message code 1 to 0 peers
[Miner] Mined block 106! Hash: 0x6c6e43039ef5152440a32874344cc9e9f952c9e6e79d37a04ba72611d8150eea
[Miner] Eligible for block 107, starting production...
Broadcasting message code 1 to 0 peers
[Miner] Mined block 107! Hash: 0x3643cc99ddfde0080af18e099e1749ddb15a0036bdffa9ff1afc6894baaf1f1a
[Miner] Eligible for block 108, starting production...
Broadcasting message code 1 to 0 peers
[Miner] Mined block 108! Hash: 0x2e44784c35f2b213616940ad287e54def363a6aa1a847149344833f9eef1f9b8
[Miner] Eligible for block 109, starting production...
Broadcasting message code 1 to 0 peers
[Miner] Mined block 109! Hash: 0x675b7c4253d121f825ee3ca263d0687d1eacd7b27b2d6fc61b40bb7408ebd925
[Miner] Eligible for block 110, starting production...
Broadcasting message code 1 to 0 peers
[Miner] Mined block 110! Hash: 0x9df2c4adab37755f7198a618c03bfac6fb3425b874bb802cab53598fce95c6b7
[Miner] Eligible for block 111, starting production...
Broadcasting message code 1 to 0 peers
[Miner] Mined block 111! Hash: 0x1c64c061e4cfe4243e02abc7567cd912fe127a620473b51dd28024920a8e3750
[Miner] Eligible for block 112, starting production...
Broadcasting message code 1 to 0 peers
[Miner] Mined block 112! Hash: 0xb504b6b95c2f217e8c991a2770a8175e10e4e6c01ecc56bf44a2b154e8a5180e
[Miner] Eligible for block 113, starting production...
Broadcasting message code 1 to 0 peers
[Miner] Mined block 113! Hash: 0xa601ab51ce3c206ebdedd197727c13b890ed915e480fbde8ca5988b2f656caa9
[Miner] Eligible for block 114, starting production...
Broadcasting message code 1 to 0 peers
[Miner] Mined block 114! Hash: 0xcefe87a1e9c8ff9ac49b0417ef37bd6a16e7c6f5e84304665ac4046678b856ab
[Miner] Eligible for block 115, starting production...
Broadcasting message code 1 to 0 peers
[Miner] Mined block 115! Hash: 0x5cdfbba7445ddc6d1c1c13074c401e4786963fe9350385e73d9d130ded5b8666
[Miner] Eligible for block 116, starting production...
Broadcasting message code 1 to 0 peers
[Miner] Mined block 116! Hash: 0x335c0c5301c7904394f9c4092beae0f73b2bc57d95b01bb12a22d963758f89ad
[Miner] Eligible for block 117, starting production...
Broadcasting message code 1 to 0 peers
[Miner] Mined block 117! Hash: 0x5630efb766e9bfefaf049d91d8ab007beaf730480358fd1204a43dbb29394bf2
[Miner] Eligible for block 118, starting production...
Broadcasting message code 1 to 0 peers
[Miner] Mined block 118! Hash: 0xdfc858affeb866958209b73931010a3d3ee4b2e79c35d394807e3989400e8a3c
[Miner] Eligible for block 119, starting production...
Broadcasting message code 1 to 0 peers
[Miner] Mined block 119! Hash: 0xe283f4b02a55a968f88958655f22351d83a1e063ef3ec39833460f04fe3163bf
[Miner] Eligible for block 120, starting production...
Broadcasting message code 1 to 0 peers
[Miner] Mined block 120! Hash: 0xca274fb07494c50e8be991adf277cd081bcc4681824d6913e59fb72c8746f8c1
[Miner] Eligible for block 121, starting production...
Broadcasting message code 1 to 0 peers
[Miner] Mined block 121! Hash: 0x2dcccb56cca64eefee628e3703501365ee6f6bb09c60c6a70dc6fbcaa42e3a33
[Miner] Eligible for block 122, starting production...
Broadcasting message code 1 to 0 peers
[Miner] Mined block 122! Hash: 0xa18c43f4ef56d423a1b8de1230b648ea38212b313ac542a0e74f9beeadd37d71
[Miner] Eligible for block 123, starting production...
Broadcasting message code 1 to 0 peers
[Miner] Mined block 123! Hash: 0xeccc5bfbaed580df4709d6704ad9e5ca71b793c9a784378381de570a7f07fd7e
[Miner] Eligible for block 124, starting production...
Broadcasting message code 1 to 0 peers
[Miner] Mined block 124! Hash: 0xc268c71574500657cdcb3907a91c0f0e699a8017b4638a58a22e42c42f121455
[Miner] Eligible for block 125, starting production...
Broadcasting message code 1 to 0 peers
[Miner] Mined block 125! Hash: 0x4d67e764092872cfe6ba4bc2de3a516d360c2eac8c24eb2f0dd0c6cb55c89caf
[Miner] Eligible for block 126, starting production...
Broadcasting message code 1 to 0 peers
[Miner] Mined block 126! Hash: 0x514e4a9682f150d571ce8a192807000e897d545426c8298b4d153ec7703feb77
[Miner] Eligible for block 127, starting production...
Broadcasting message code 1 to 0 peers
[Miner] Mined block 127! Hash: 0x2257b3502179874ea9cb4ff728c6e2dfbd6921fdbb6ab53380d53f47af0aa7be
[Miner] Eligible for block 128, starting production...
Broadcasting message code 1 to 0 peers
[Miner] Mined block 128! Hash: 0x2634ce27480510179f1b986c194d6365860ec37c64924a892958d1facac15737
[Miner] Eligible for block 129, starting production...
Broadcasting message code 1 to 0 peers
[Miner] Mined block 129! Hash: 0xb7584b70bcf18e873309ae86b1863b44aa5eeffecfd9bd58ca3f647a411ab755
[Miner] Eligible for block 130, starting production...
Broadcasting message code 1 to 0 peers
[Miner] Mined block 130! Hash: 0x72a3180002c927c8785d575e22de63506cf66e307102319a143d88279ab35eaf
[Miner] Eligible for block 131, starting production...
Broadcasting message code 1 to 0 peers
[Miner] Mined block 131! Hash: 0x1b3404734b16ada9253bfb5173bfdc0128146080815747c6b4f981287209d0c5
[Miner] Eligible for block 132, starting production...
Broadcasting message code 1 to 0 peers
[Miner] Mined block 132! Hash: 0x10916402ea5b24eeb9ba051f4ea4e3aa326aedbce4e4a692f1da2e848e090fa3
[Miner] Eligible for block 133, starting production...
Broadcasting message code 1 to 0 peers
[Miner] Mined block 133! Hash: 0x732c796973ca544b757fe8f7479fec4f391ecebb0a7adb109cd8853da54f47ef
[Miner] Eligible for block 134, starting production...
Broadcasting message code 1 to 0 peers
[Miner] Mined block 134! Hash: 0xe526c1f4fa41fe1d0d5c5bfcc22d2dda6f5c6a005676e57034d75224d7ef7330
[Miner] Eligible for block 135, starting production...
Broadcasting message code 1 to 0 peers
[Miner] Mined block 135! Hash: 0x246f1f24629371a4e6615cf31fddf2339b84c08dcf04a73d0a086793e8df0f3a
[Miner] Eligible for block 136, starting production...
Broadcasting message code 1 to 0 peers
[Miner] Mined block 136! Hash: 0x67da9fd95fd69540258186bc8b9327c7a1e62378b4b3044c9ff5b3e2fef352e0
[Miner] Eligible for block 137, starting production...
Broadcasting message code 1 to 0 peers
[Miner] Mined block 137! Hash: 0xda9b9c65fe7d9788d530ba53a5e83a5c99787c2fdcb847f82d1c7a66f7878ab6
[Miner] Eligible for block 138, starting production...
Broadcasting message code 1 to 0 peers
[Miner] Mined block 138! Hash: 0xc05dccc427ccb4125c86cc4f97cfb672820041b3c028fe639482ee4b18cfa36e
[Miner] Eligible for block 139, starting production...
Broadcasting message code 1 to 0 peers
[Miner] Mined block 139! Hash: 0xf1ca4f0d6b5d5d0a90b1358e010389c455cd48e395afb08e556a19f9d34914cd
[Miner] Eligible for block 140, starting production...
Broadcasting message code 1 to 0 peers
[Miner] Mined block 140! Hash: 0x1b2aa74857c0087c7ed1f6ba991c514ae0a44738dd0ef816460cd4a4f6dec00b
[Miner] Eligible for block 141, starting production...
Broadcasting message code 1 to 0 peers
[Miner] Mined block 141! Hash: 0x9681bf6a57805b26b73e57e5afbe39dff70b4c9df2c38444d0f9193db3c8f802
[Miner] Eligible for block 142, starting production...
Broadcasting message code 1 to 0 peers
[Miner] Mined block 142! Hash: 0xa0e171f387680a52ec551fec9d52e94e0cb8f38672ddce2cf4317757d2fe6aea
[Miner] Eligible for block 143, starting production...
Broadcasting message code 1 to 0 peers
[Miner] Mined block 143! Hash: 0x9c117d1338734c96a0c311fbb82d2e743726eb4a70ccfb8f45fe81473d1a300b
[Miner] Eligible for block 144, starting production...
Broadcasting message code 1 to 0 peers
[Miner] Mined block 144! Hash: 0xcf2620ca63e51dee8b61b58687991a70776ee74d4dbea2c7c0e4c8ff10fd8333
[Miner] Eligible for block 145, starting production...
Broadcasting message code 1 to 0 peers
[Miner] Mined block 145! Hash: 0x7ec9a92ee8bb5b0b59397cddaf7595d2aa166a2924cdda80f8c4ed2dd4e51066
